[2m10:27:52 PM[22m [31m[1m[vite][22m[39m [31m[2m(client)[22m[39m [31m[Unhandled error] [1mSvelte error[22m: invalid_snippet
Could not `{@render}` snippet due to the expression being `null` or `undefined`. Consider using optional chaining `{@render snippet?.()}`
https://svelte.dev/e/invalid_snippet

	in <unknown>
	in +layout.svelte
	in +layout.svelte
	in root.svelte
	in undefined

[39m > invalid_snippet node_modules/svelte/src/internal/client/errors.js:354:16
 > node_modules/svelte/src/internal/client/dom/blocks/snippet.js:34:3
 > update_reaction node_modules/svelte/src/internal/client/runtime.js:259:15
 > update_effect node_modules/svelte/src/internal/client/runtime.js:461:17
 > create_effect node_modules/svelte/src/internal/client/reactivity/effects.js:138:3
 > block node_modules/svelte/src/internal/client/reactivity/effects.js:417:14
 > Module.snippet node_modules/svelte/src/internal/client/dom/blocks/snippet.js:30:1
 > src/routes/(public)/+layout.svelte:155:28
 > Module.add_svelte_meta node_modules/svelte/src/internal/client/context.js:49:9
 > _layout src/routes/(public)/+layout.svelte:155:4

[33m[vite:css][postcss] @import must precede all other statements (besides @charset or empty @layer)
3683 |    }
3684 |  }
3685 |  @import url('https://fonts.googleapis.com/css2?family=Outfit:wght@300;400;600&family=Syne:wght@400;700;800&display=sw...
     |  ^^^^^^^^^^^^^^^^^^^^^^^^^^^^^^^^^^^^^^^^^^^^^^^^^^^^^^^^^^^^^^^^^^^^^^^^^^^^^^^^^^^^^^^^^^^^^^^^^^^^^^^^^^^^^^^^^^^^^^^^
3686 |  :root {
3687 |    font-family: 'Outfit', ui-sans-serif, system-ui, -apple-system, BlinkMacSystemFont, 'Segoe UI', sans-serif;[39m
[33m[vite:css][postcss] @import must precede all other statements (besides @charset or empty @layer)
3683 |    }
3684 |  }
3685 |  @import url('https://fonts.googleapis.com/css2?family=Outfit:wght@300;400;600&family=Syne:wght@400;700;800&display=sw...
     |  ^^^^^^^^^^^^^^^^^^^^^^^^^^^^^^^^^^^^^^^^^^^^^^^^^^^^^^^^^^^^^^^^^^^^^^^^^^^^^^^^^^^^^^^^^^^^^^^^^^^^^^^^^^^^^^^^^^^^^^^^
3686 |  :root {
3687 |    font-family: 'Outfit', ui-sans-serif, system-ui, -apple-system, BlinkMacSystemFont, 'Segoe UI', sans-serif;[39m
[33m[vite:css][postcss] @import must precede all other statements (besides @charset or empty @layer)
3683 |    }
3684 |  }
3685 |  @import url('https://fonts.googleapis.com/css2?family=Outfit:wght@300;400;600&family=Syne:wght@400;700;800&display=sw...
     |  ^^^^^^^^^^^^^^^^^^^^^^^^^^^^^^^^^^^^^^^^^^^^^^^^^^^^^^^^^^^^^^^^^^^^^^^^^^^^^^^^^^^^^^^^^^^^^^^^^^^^^^^^^^^^^^^^^^^^^^^^
3686 |  :root {
3687 |    font-family: 'Outfit', ui-sans-serif, system-ui, -apple-system, BlinkMacSystemFont, 'Segoe UI', sans-serif;[39m
[33m[vite:css][postcss] @import must precede all other statements (besides @charset or empty @layer)
3683 |    }
3684 |  }
3685 |  @import url('https://api.fontshare.com/v2/css?f[]=clash-display@400,500,600,700&display=swap');
     |  ^^^^^^^^^^^^^^^^^^^^^^^^^^^^^^^^^^^^^^^^^^^^^^^^^^^^^^^^^^^^^^^^^^^^^^^^^^^^^^^^^^^^^^^^^^^^^^^
3686 |  @import url('https://fonts.googleapis.com/css2?family=Outfit:wght@300;400;600&display=swap');
3687 |  :root {[39m
[33m[vite:css][postcss] @import must precede all other statements (besides @charset or empty @layer)
3684 |  }
3685 |  @import url('https://api.fontshare.com/v2/css?f[]=clash-display@400,500,600,700&display=swap');
3686 |  @import url('https://fonts.googleapis.com/css2?family=Outfit:wght@300;400;600&display=swap');
     |  ^^^^^^^^^^^^^^^^^^^^^^^^^^^^^^^^^^^^^^^^^^^^^^^^^^^^^^^^^^^^^^^^^^^^^^^^^^^^^^^^^^^^^^^^^^^^^
3687 |  :root {
3688 |    font-family: 'Outfit', ui-sans-serif, system-ui, -apple-system, BlinkMacSystemFont, 'Segoe UI', sans-serif;[39m
[33m[vite:css][postcss] @import must precede all other statements (besides @charset or empty @layer)
3683 |    }
3684 |  }
3685 |  @import url('https://api.fontshare.com/v2/css?f[]=clash-display@400,500,600,700&display=swap');
     |  ^^^^^^^^^^^^^^^^^^^^^^^^^^^^^^^^^^^^^^^^^^^^^^^^^^^^^^^^^^^^^^^^^^^^^^^^^^^^^^^^^^^^^^^^^^^^^^^
3686 |  @import url('https://fonts.googleapis.com/css2?family=Outfit:wght@300;400;600&display=swap');
3687 |  :root {[39m
[33m[vite:css][postcss] @import must precede all other statements (besides @charset or empty @layer)
3684 |  }
3685 |  @import url('https://api.fontshare.com/v2/css?f[]=clash-display@400,500,600,700&display=swap');
3686 |  @import url('https://fonts.googleapis.com/css2?family=Outfit:wght@300;400;600&display=swap');
     |  ^^^^^^^^^^^^^^^^^^^^^^^^^^^^^^^^^^^^^^^^^^^^^^^^^^^^^^^^^^^^^^^^^^^^^^^^^^^^^^^^^^^^^^^^^^^^^
3687 |  :root {
3688 |    font-family: 'Outfit', ui-sans-serif, system-ui, -apple-system, BlinkMacSystemFont, 'Segoe UI', sans-serif;[39m
