
> oneheart@0.0.1 dev
> vite dev --host 0.0.0.0 --port 5173

[2m9:32:49 PM[22m [36m[1m[vite][22m[39m [90m[2m(client)[22m[39m Re-optimizing dependencies because lockfile has changed

  [32m[1mVITE[22m v8.0.3[39m  [2mready in [0m[1m2085[22m[2m[0m ms[22m

  [32m➜[39m  [1mLocal[22m:   [36mhttp://localhost:[1m5173[22m/[39m
  [32m➜[39m  [1mNetwork[22m: [36mhttp://192.168.0.153:[1m5173[22m/[39m
  [32m➜[39m  [1mNetwork[22m: [36mhttp://192.168.224.1:[1m5173[22m/[39m
[2m9:45:18 PM[22m [36m[1m[vite][22m[39m [34m[2m(ssr)[22m[39m [32mpage reload [39m[2m.svelte-kit/generated/server/internal.js[22m
[2m9:45:18 PM[22m [36m[1m[vite][22m[39m [34m[2m(ssr)[22m[39m [32mpage reload [39m[2m.svelte-kit/generated/root.svelte[22m
[2m9:45:18 PM[22m [36m[1m[vite][22m[39m [34m[2m(ssr)[22m[39m [32mpage reload [39m[2m.svelte-kit/generated/root.js[22m
[2m9:48:07 PM[22m [36m[1m[vite][22m[39m [34m[2m(ssr)[22m[39m [32mpage reload [39m[2msrc/routes/(public)/+page.svelte[22m
[2m9:48:51 PM[22m [36m[1m[vite][22m[39m [90m[2m(client)[22m[39m [32mhmr update [39m[2m/src/routes/layout.css[22m
[2m9:48:51 PM[22m [36m[1m[vite][22m[39m [34m[2m(ssr)[22m[39m [32mpage reload [39m[2msrc/routes/layout.css[22m
[2m9:50:29 PM[22m [36m[1m[vite][22m[39m [90m[2m(client)[22m[39m [32mpage reload [39m[2m.svelte-kit/generated/client/app.js[22m
[2m9:50:29 PM[22m [36m[1m[vite][22m[39m [90m[2m(client)[22m[39m [32mpage reload [39m[2m.svelte-kit/generated/client/nodes/0.js[22m
[2m9:50:29 PM[22m [36m[1m[vite][22m[39m [90m[2m(client)[22m[39m [32mpage reload [39m[2m.svelte-kit/generated/client/matchers.js[22m
[2m9:50:29 PM[22m [36m[1m[vite][22m[39m [90m[2m(client)[22m[39m [32mpage reload [39m[2m.svelte-kit/generated/client/nodes/1.js[22m
[2m9:50:29 PM[22m [36m[1m[vite][22m[39m [90m[2m(client)[22m[39m [32mpage reload [39m[2m.svelte-kit/generated/client/nodes/2.js[22m
[2m9:50:29 PM[22m [36m[1m[vite][22m[39m [90m[2m(client)[22m[39m [32mpage reload [39m[2m.svelte-kit/generated/client/nodes/4.js[22m
[2m9:50:29 PM[22m [36m[1m[vite][22m[39m [90m[2m(client)[22m[39m [32mpage reload [39m[2m.svelte-kit/generated/root.js[22m
[2m9:50:29 PM[22m [36m[1m[vite][22m[39m [34m[2m(ssr)[22m[39m [32mpage reload [39m[2m.svelte-kit/generated/root.js[22m
[2m9:50:29 PM[22m [36m[1m[vite][22m[39m [34m[2m(ssr)[22m[39m [32mpage reload [39m[2m.svelte-kit/generated/server/internal.js[22m
[2m9:50:29 PM[22m [36m[1m[vite][22m[39m [34m[2m(ssr)[22m[39m [32mpage reload [39m[2m.svelte-kit/generated/root.svelte[22m
[2m9:50:57 PM[22m [36m[1m[vite][22m[39m [90m[2m(client)[22m[39m [32mhmr update [39m[2m/src/routes/(public)/+page.svelte, /src/routes/layout.css[22m
[2m9:50:57 PM[22m [36m[1m[vite][22m[39m [34m[2m(ssr)[22m[39m [32mpage reload [39m[2msrc/routes/(public)/+page.svelte[22m
[2m9:52:45 PM[22m [36m[1m[vite][22m[39m [90m[2m(client)[22m[39m [32mhmr update [39m[2m/src/routes/+layout.svelte, /src/routes/layout.css[22m
[2m9:52:45 PM[22m [36m[1m[vite][22m[39m [34m[2m(ssr)[22m[39m [32mpage reload [39m[2msrc/routes/+layout.svelte[22m
[2m9:54:53 PM[22m [36m[1m[vite][22m[39m [90m[2m(client)[22m[39m [32mpage reload [39m[2m.svelte-kit/generated/client/nodes/0.js[22m
[2m9:54:53 PM[22m [36m[1m[vite][22m[39m [90m[2m(client)[22m[39m [32mpage reload [39m[2m.svelte-kit/generated/client/nodes/1.js[22m
[2m9:54:53 PM[22m [36m[1m[vite][22m[39m [90m[2m(client)[22m[39m [32mpage reload [39m[2m.svelte-kit/generated/client/nodes/2.js[22m
[2m9:54:53 PM[22m [36m[1m[vite][22m[39m [90m[2m(client)[22m[39m [32mpage reload [39m[2m.svelte-kit/generated/client/app.js[22m
[2m9:54:53 PM[22m [36m[1m[vite][22m[39m [34m[2m(ssr)[22m[39m [32mpage reload [39m[2m.svelte-kit/generated/server/internal.js[22m
[2m9:54:53 PM[22m [36m[1m[vite][22m[39m [90m[2m(client)[22m[39m [32mpage reload [39m[2m.svelte-kit/generated/client/nodes/4.js[22m
[2m9:54:53 PM[22m [36m[1m[vite][22m[39m [90m[2m(client)[22m[39m [32mpage reload [39m[2m.svelte-kit/generated/client/matchers.js[22m
[2m9:54:53 PM[22m [36m[1m[vite][22m[39m [90m[2m(client)[22m[39m [32mpage reload [39m[2m.svelte-kit/generated/root.js[22m
[2m9:54:53 PM[22m [36m[1m[vite][22m[39m [34m[2m(ssr)[22m[39m [32mpage reload [39m[2m.svelte-kit/generated/root.js[22m
[2m9:54:53 PM[22m [36m[1m[vite][22m[39m [34m[2m(ssr)[22m[39m [32mpage reload [39m[2m.svelte-kit/generated/root.svelte[22m
[2m9:59:17 PM[22m [36m[1m[vite][22m[39m [90m[2m(client)[22m[39m [32mhmr update [39m[2m/src/lib/components/Navbar.svelte, /src/routes/layout.css[22m
[2m9:59:17 PM[22m [36m[1m[vite][22m[39m [34m[2m(ssr)[22m[39m [32mpage reload [39m[2msrc/lib/components/Navbar.svelte[22m
[2m9:59:19 PM[22m [36m[1m[vite][22m[39m [90m[2m(client)[22m[39m [32mhmr update [39m[2m/src/routes/layout.css[22m
[2m9:59:19 PM[22m [36m[1m[vite][22m[39m [34m[2m(ssr)[22m[39m [32mpage reload [39m[2msrc/routes/layout.css[22m
[2m10:16:11 PM[22m [36m[1m[vite][22m[39m [90m[2m(client)[22m[39m [32mhmr update [39m[2m/src/routes/layout.css[22m
[2m10:16:11 PM[22m [36m[1m[vite][22m[39m [34m[2m(ssr)[22m[39m [32mpage reload [39m[2msrc/routes/layout.css[22m
[2m10:16:11 PM[22m [36m[1m[vite][22m[39m [34m[2m(ssr)[22m[39m [32mpage reload [39m[2msrc/lib/components/Navbar.svelte[22m
[2m10:16:11 PM[22m [36m[1m[vite][22m[39m [90m[2m(client)[22m[39m [32mhmr update [39m[2m/src/routes/+layout.svelte, /src/routes/layout.css[22m
[2m10:16:11 PM[22m [36m[1m[vite][22m[39m [34m[2m(ssr)[22m[39m [32mpage reload [39m[2msrc/routes/+layout.svelte[22m
[2m10:16:11 PM[22m [36m[1m[vite][22m[39m [34m[2m(ssr)[22m[39m [32mpage reload [39m[2msrc/lib/components/Navbar.svelte[22m
[2m10:22:54 PM[22m [36m[1m[vite][22m[39m [90m[2m(client)[22m[39m [32mhmr update [39m[2m/src/routes/layout.css[22m
[2m10:22:54 PM[22m [36m[1m[vite][22m[39m [34m[2m(ssr)[22m[39m [32mpage reload [39m[2msrc/routes/layout.css[22m
[2m10:22:54 PM[22m [36m[1m[vite][22m[39m [90m[2m(client)[22m[39m [32mhmr update [39m[2m/src/routes/(public)/+page.svelte, /src/routes/layout.css[22m
[2m10:22:54 PM[22m [36m[1m[vite][22m[39m [34m[2m(ssr)[22m[39m [32mpage reload [39m[2msrc/routes/(public)/+page.svelte[22m
[2m10:22:54 PM[22m [36m[1m[vite][22m[39m [90m[2m(client)[22m[39m [32mpage reload [39m[2m.svelte-kit/generated/client/nodes/2.js[22m
[2m10:22:54 PM[22m [36m[1m[vite][22m[39m [90m[2m(client)[22m[39m [32mpage reload [39m[2m.svelte-kit/generated/client/app.js[22m
[2m10:22:54 PM[22m [36m[1m[vite][22m[39m [90m[2m(client)[22m[39m [32mpage reload [39m[2m.svelte-kit/generated/client/nodes/3.js[22m
[2m10:22:54 PM[22m [36m[1m[vite][22m[39m [90m[2m(client)[22m[39m [32mpage reload [39m[2m.svelte-kit/generated/client/nodes/4.js[22m
[2m10:22:54 PM[22m [36m[1m[vite][22m[39m [90m[2m(client)[22m[39m [32mpage reload [39m[2m.svelte-kit/generated/client/nodes/7.js[22m
[2m10:22:54 PM[22m [36m[1m[vite][22m[39m [90m[2m(client)[22m[39m [32mhmr update [39m[2m/.svelte-kit/generated/root.svelte[22m
[2m10:22:54 PM[22m [36m[1m[vite][22m[39m [34m[2m(ssr)[22m[39m [32mpage reload [39m[2m.svelte-kit/generated/root.svelte[22m
[2m10:23:14 PM[22m [36m[1m[vite][22m[39m [90m[2m(client)[22m[39m [32mpage reload [39m[2m.svelte-kit/generated/client/nodes/0.js[22m
[2m10:23:14 PM[22m [36m[1m[vite][22m[39m [90m[2m(client)[22m[39m [32mpage reload [39m[2m.svelte-kit/generated/client/nodes/1.js[22m
[2m10:23:14 PM[22m [36m[1m[vite][22m[39m [90m[2m(client)[22m[39m [32mpage reload [39m[2m.svelte-kit/generated/client/nodes/2.js[22m
[2m10:23:14 PM[22m [36m[1m[vite][22m[39m [90m[2m(client)[22m[39m [32mpage reload [39m[2m.svelte-kit/generated/client/nodes/3.js[22m
[2m10:23:14 PM[22m [36m[1m[vite][22m[39m [90m[2m(client)[22m[39m [32mpage reload [39m[2m.svelte-kit/generated/client/nodes/4.js[22m
[2m10:23:14 PM[22m [36m[1m[vite][22m[39m [90m[2m(client)[22m[39m [32mpage reload [39m[2m.svelte-kit/generated/client/nodes/5.js[22m
[2m10:23:14 PM[22m [36m[1m[vite][22m[39m [90m[2m(client)[22m[39m [32mpage reload [39m[2m.svelte-kit/generated/client/app.js[22m
[2m10:23:14 PM[22m [36m[1m[vite][22m[39m [34m[2m(ssr)[22m[39m [32mpage reload [39m[2m.svelte-kit/generated/server/internal.js[22m
[2m10:23:14 PM[22m [36m[1m[vite][22m[39m [90m[2m(client)[22m[39m [32mpage reload [39m[2m.svelte-kit/generated/client/nodes/6.js[22m
[2m10:23:14 PM[22m [36m[1m[vite][22m[39m [90m[2m(client)[22m[39m [32mpage reload [39m[2m.svelte-kit/generated/client/nodes/7.js[22m
[2m10:23:14 PM[22m [36m[1m[vite][22m[39m [90m[2m(client)[22m[39m [32mpage reload [39m[2m.svelte-kit/generated/client/nodes/8.js[22m
[2m10:23:14 PM[22m [36m[1m[vite][22m[39m [90m[2m(client)[22m[39m [32mpage reload [39m[2m.svelte-kit/generated/client/matchers.js[22m
[2m10:23:14 PM[22m [36m[1m[vite][22m[39m [90m[2m(client)[22m[39m [32mpage reload [39m[2m.svelte-kit/generated/root.js[22m
[2m10:23:14 PM[22m [36m[1m[vite][22m[39m [34m[2m(ssr)[22m[39m [32mpage reload [39m[2m.svelte-kit/generated/root.js[22m
[2m10:23:14 PM[22m [36m[1m[vite][22m[39m [34m[2m(ssr)[22m[39m [32mpage reload [39m[2m.svelte-kit/generated/root.svelte[22m
[2m10:23:35 PM[22m [36m[1m[vite][22m[39m [90m[2m(client)[22m[39m [32mhmr update [39m[2m/src/routes/layout.css[22m
[2m10:23:35 PM[22m [36m[1m[vite][22m[39m [34m[2m(ssr)[22m[39m [32mpage reload [39m[2msrc/routes/layout.css[22m
[2m10:23:41 PM[22m [36m[1m[vite][22m[39m [90m[2m(client)[22m[39m [32mpage reload [39m[2m.svelte-kit/generated/client/nodes/0.js[22m
[2m10:23:41 PM[22m [36m[1m[vite][22m[39m [90m[2m(client)[22m[39m [32mpage reload [39m[2m.svelte-kit/generated/client/nodes/1.js[22m
[2m10:23:41 PM[22m [36m[1m[vite][22m[39m [90m[2m(client)[22m[39m [32mpage reload [39m[2m.svelte-kit/generated/client/nodes/2.js[22m
[2m10:23:41 PM[22m [36m[1m[vite][22m[39m [90m[2m(client)[22m[39m [32mpage reload [39m[2m.svelte-kit/generated/client/nodes/3.js[22m
[2m10:23:41 PM[22m [36m[1m[vite][22m[39m [90m[2m(client)[22m[39m [32mpage reload [39m[2m.svelte-kit/generated/client/app.js[22m
[2m10:23:41 PM[22m [36m[1m[vite][22m[39m [34m[2m(ssr)[22m[39m [32mpage reload [39m[2m.svelte-kit/generated/server/internal.js[22m
[2m10:23:41 PM[22m [36m[1m[vite][22m[39m [90m[2m(client)[22m[39m [32mpage reload [39m[2m.svelte-kit/generated/client/nodes/4.js[22m
[2m10:23:41 PM[22m [36m[1m[vite][22m[39m [90m[2m(client)[22m[39m [32mpage reload [39m[2m.svelte-kit/generated/client/nodes/5.js[22m
[2m10:23:41 PM[22m [36m[1m[vite][22m[39m [90m[2m(client)[22m[39m [32mpage reload [39m[2m.svelte-kit/generated/client/nodes/6.js[22m
[2m10:23:41 PM[22m [36m[1m[vite][22m[39m [90m[2m(client)[22m[39m [32mpage reload [39m[2m.svelte-kit/generated/client/nodes/7.js[22m
[2m10:23:41 PM[22m [36m[1m[vite][22m[39m [90m[2m(client)[22m[39m [32mpage reload [39m[2m.svelte-kit/generated/client/nodes/8.js[22m
[2m10:23:41 PM[22m [36m[1m[vite][22m[39m [90m[2m(client)[22m[39m [32mpage reload [39m[2m.svelte-kit/generated/client/matchers.js[22m
[2m10:23:41 PM[22m [36m[1m[vite][22m[39m [90m[2m(client)[22m[39m [32mpage reload [39m[2m.svelte-kit/generated/root.js[22m
[2m10:23:41 PM[22m [36m[1m[vite][22m[39m [34m[2m(ssr)[22m[39m [32mpage reload [39m[2m.svelte-kit/generated/root.js[22m
[2m10:23:41 PM[22m [36m[1m[vite][22m[39m [34m[2m(ssr)[22m[39m [32mpage reload [39m[2m.svelte-kit/generated/root.svelte[22m
[2m10:27:51 PM[22m [36m[1m[vite][22m[39m [90m[2m(client)[22m[39m [32mhmr update [39m[2m/src/routes/layout.css[22m
[2m10:27:51 PM[22m [36m[1m[vite][22m[39m [34m[2m(ssr)[22m[39m [32mpage reload [39m[2msrc/routes/(public)/+layout.svelte[22m
[2m10:27:51 PM[22m [36m[1m[vite][22m[39m [90m[2m(client)[22m[39m [32mhmr update [39m[2m/src/routes/layout.css[22m
[2m10:27:51 PM[22m [36m[1m[vite][22m[39m [34m[2m(ssr)[22m[39m [32mpage reload [39m[2msrc/routes/layout.css[22m
[2m10:27:51 PM[22m [36m[1m[vite][22m[39m [90m[2m(client)[22m[39m [32mpage reload [39m[2m.svelte-kit/generated/client/nodes/2.js[22m
[2m10:27:51 PM[22m [36m[1m[vite][22m[39m [90m[2m(client)[22m[39m [32mpage reload [39m[2m.svelte-kit/generated/client/app.js[22m
[2m10:27:51 PM[22m [36m[1m[vite][22m[39m [90m[2m(client)[22m[39m [32mpage reload [39m[2m.svelte-kit/generated/client/nodes/3.js[22m
[2m10:27:51 PM[22m [36m[1m[vite][22m[39m [90m[2m(client)[22m[39m [32mpage reload [39m[2m.svelte-kit/generated/client/nodes/4.js[22m
[2m10:27:51 PM[22m [36m[1m[vite][22m[39m [90m[2m(client)[22m[39m [32mpage reload [39m[2m.svelte-kit/generated/client/nodes/5.js[22m
[2m10:27:51 PM[22m [36m[1m[vite][22m[39m [90m[2m(client)[22m[39m [32mpage reload [39m[2m.svelte-kit/generated/client/nodes/6.js[22m
[2m10:27:51 PM[22m [36m[1m[vite][22m[39m [90m[2m(client)[22m[39m [32mpage reload [39m[2m.svelte-kit/generated/client/nodes/7.js[22m
[2m10:27:51 PM[22m [36m[1m[vite][22m[39m [90m[2m(client)[22m[39m [32mpage reload [39m[2m.svelte-kit/generated/client/nodes/8.js[22m
[2m10:27:51 PM[22m [36m[1m[vite][22m[39m [90m[2m(client)[22m[39m [32mhmr update [39m[2m/src/routes/(public)/+page.svelte, /src/routes/layout.css[22m
[2m10:27:51 PM[22m [36m[1m[vite][22m[39m [34m[2m(ssr)[22m[39m [32mpage reload [39m[2msrc/routes/(public)/+page.svelte[22m
[2m10:27:51 PM[22m [36m[1m[vite][22m[39m [90m[2m(client)[22m[39m [32mhmr update [39m[2m/.svelte-kit/generated/root.svelte[22m
[2m10:27:51 PM[22m [36m[1m[vite][22m[39m [34m[2m(ssr)[22m[39m [32mpage reload [39m[2m.svelte-kit/generated/root.svelte[22m
[2m10:33:54 PM[22m [36m[1m[vite][22m[39m [90m[2m(client)[22m[39m [32mpage reload [39m[2m.svelte-kit/generated/client/nodes/0.js[22m
[2m10:33:54 PM[22m [36m[1m[vite][22m[39m [90m[2m(client)[22m[39m [32mpage reload [39m[2m.svelte-kit/generated/client/nodes/1.js[22m
[2m10:33:54 PM[22m [36m[1m[vite][22m[39m [90m[2m(client)[22m[39m [32mpage reload [39m[2m.svelte-kit/generated/client/nodes/2.js[22m
[2m10:33:54 PM[22m [36m[1m[vite][22m[39m [90m[2m(client)[22m[39m [32mpage reload [39m[2m.svelte-kit/generated/client/nodes/3.js[22m
[2m10:33:54 PM[22m [36m[1m[vite][22m[39m [90m[2m(client)[22m[39m [32mpage reload [39m[2m.svelte-kit/generated/client/nodes/4.js[22m
[2m10:33:54 PM[22m [36m[1m[vite][22m[39m [90m[2m(client)[22m[39m [32mpage reload [39m[2m.svelte-kit/generated/client/app.js[22m
[2m10:33:54 PM[22m [36m[1m[vite][22m[39m [34m[2m(ssr)[22m[39m [32mpage reload [39m[2m.svelte-kit/generated/server/internal.js[22m
[2m10:33:54 PM[22m [36m[1m[vite][22m[39m [90m[2m(client)[22m[39m [32mpage reload [39m[2m.svelte-kit/generated/client/nodes/5.js[22m
[2m10:33:54 PM[22m [36m[1m[vite][22m[39m [90m[2m(client)[22m[39m [32mpage reload [39m[2m.svelte-kit/generated/client/nodes/6.js[22m
[2m10:33:54 PM[22m [36m[1m[vite][22m[39m [90m[2m(client)[22m[39m [32mpage reload [39m[2m.svelte-kit/generated/client/nodes/7.js[22m
[2m10:33:54 PM[22m [36m[1m[vite][22m[39m [90m[2m(client)[22m[39m [32mpage reload [39m[2m.svelte-kit/generated/client/nodes/8.js[22m
[2m10:33:54 PM[22m [36m[1m[vite][22m[39m [90m[2m(client)[22m[39m [32mpage reload [39m[2m.svelte-kit/generated/client/matchers.js[22m
[2m10:33:54 PM[22m [36m[1m[vite][22m[39m [90m[2m(client)[22m[39m [32mpage reload [39m[2m.svelte-kit/generated/root.js[22m
[2m10:33:54 PM[22m [36m[1m[vite][22m[39m [34m[2m(ssr)[22m[39m [32mpage reload [39m[2m.svelte-kit/generated/root.js[22m
[2m10:33:54 PM[22m [36m[1m[vite][22m[39m [34m[2m(ssr)[22m[39m [32mpage reload [39m[2m.svelte-kit/generated/root.svelte[22m
[2m11:06:42 PM[22m [36m[1m[vite][22m[39m [90m[2m(client)[22m[39m [32mpage reload [39m[2msrc/lib/components/Navbar.svelte[22m
[2m11:06:42 PM[22m [36m[1m[vite][22m[39m [34m[2m(ssr)[22m[39m [32mpage reload [39m[2msrc/lib/components/Navbar.svelte[22m
[2m11:06:50 PM[22m [36m[1m[vite][22m[39m [90m[2m(client)[22m[39m [32mhmr update [39m[2m/src/routes/+layout.svelte, /src/routes/layout.css[22m
[2m11:06:50 PM[22m [36m[1m[vite][22m[39m [34m[2m(ssr)[22m[39m [32mpage reload [39m[2msrc/routes/+layout.svelte[22m
[2m11:11:21 PM[22m [36m[1m[vite][22m[39m [90m[2m(client)[22m[39m [32mhmr update [39m[2m/src/lib/components/Navbar.svelte, /src/routes/layout.css[22m
[2m11:11:21 PM[22m [36m[1m[vite][22m[39m [34m[2m(ssr)[22m[39m [32mpage reload [39m[2msrc/lib/components/Navbar.svelte[22m
[2m11:13:29 PM[22m [36m[1m[vite][22m[39m [90m[2m(client)[22m[39m [32mhmr update [39m[2m/src/lib/components/Navbar.svelte, /src/routes/layout.css[22m
[2m11:13:29 PM[22m [36m[1m[vite][22m[39m [34m[2m(ssr)[22m[39m [32mpage reload [39m[2msrc/lib/components/Navbar.svelte[22m
[2m11:23:13 PM[22m [36m[1m[vite][22m[39m [90m[2m(client)[22m[39m [32mhmr update [39m[2m/src/routes/+layout.svelte, /src/routes/layout.css[22m
[2m11:23:13 PM[22m [36m[1m[vite][22m[39m [34m[2m(ssr)[22m[39m [32mpage reload [39m[2msrc/routes/+layout.svelte[22m
[2m11:23:14 PM[22m [36m[1m[vite][22m[39m [90m[2m(client)[22m[39m [32mhmr update [39m[2m/src/routes/layout.css[22m
[2m11:23:14 PM[22m [36m[1m[vite][22m[39m [34m[2m(ssr)[22m[39m [32mpage reload [39m[2msrc/lib/components/Navbar.svelte[22m
[2m11:26:28 PM[22m [36m[1m[vite][22m[39m [90m[2m(client)[22m[39m [32mhmr update [39m[2m/src/routes/layout.css[22m
[2m11:26:28 PM[22m [36m[1m[vite][22m[39m [34m[2m(ssr)[22m[39m [32mpage reload [39m[2msrc/lib/components/Navbar.svelte[22m
[2m11:26:28 PM[22m [36m[1m[vite][22m[39m [90m[2m(client)[22m[39m [32mhmr update [39m[2m/src/routes/+layout.svelte, /src/routes/layout.css[22m
[2m11:26:28 PM[22m [36m[1m[vite][22m[39m [34m[2m(ssr)[22m[39m [32mpage reload [39m[2msrc/routes/+layout.svelte[22m
[2m11:26:34 PM[22m [36m[1m[vite][22m[39m [90m[2m(client)[22m[39m [32mhmr update [39m[2m/src/routes/layout.css[22m
[2m11:26:34 PM[22m [36m[1m[vite][22m[39m [34m[2m(ssr)[22m[39m [32mpage reload [39m[2msrc/routes/layout.css[22m
[2m11:26:42 PM[22m [36m[1m[vite][22m[39m [90m[2m(client)[22m[39m [32mhmr update [39m[2m/src/routes/layout.css[22m
[2m11:26:42 PM[22m [36m[1m[vite][22m[39m [34m[2m(ssr)[22m[39m [32mpage reload [39m[2msrc/routes/layout.css[22m
[2m11:27:22 PM[22m [36m[1m[vite][22m[39m [90m[2m(client)[22m[39m [32mhmr update [39m[2m/src/routes/(public)/+page.svelte, /src/routes/layout.css[22m
[2m11:27:22 PM[22m [36m[1m[vite][22m[39m [34m[2m(ssr)[22m[39m [32mpage reload [39m[2msrc/routes/(public)/+page.svelte[22m
[2m11:27:50 PM[22m [36m[1m[vite][22m[39m [90m[2m(client)[22m[39m [32mpage reload [39m[2m.svelte-kit/generated/client/nodes/0.js[22m
[2m11:27:50 PM[22m [36m[1m[vite][22m[39m [90m[2m(client)[22m[39m [32mpage reload [39m[2m.svelte-kit/generated/client/nodes/1.js[22m
[2m11:27:50 PM[22m [36m[1m[vite][22m[39m [90m[2m(client)[22m[39m [32mpage reload [39m[2m.svelte-kit/generated/client/nodes/2.js[22m
[2m11:27:50 PM[22m [36m[1m[vite][22m[39m [90m[2m(client)[22m[39m [32mpage reload [39m[2m.svelte-kit/generated/client/nodes/3.js[22m
[2m11:27:50 PM[22m [36m[1m[vite][22m[39m [90m[2m(client)[22m[39m [32mpage reload [39m[2m.svelte-kit/generated/client/nodes/4.js[22m
[2m11:27:50 PM[22m [36m[1m[vite][22m[39m [90m[2m(client)[22m[39m [32mpage reload [39m[2m.svelte-kit/generated/client/nodes/5.js[22m
[2m11:27:50 PM[22m [36m[1m[vite][22m[39m [90m[2m(client)[22m[39m [32mpage reload [39m[2m.svelte-kit/generated/client/app.js[22m
[2m11:27:50 PM[22m [36m[1m[vite][22m[39m [34m[2m(ssr)[22m[39m [32mpage reload [39m[2m.svelte-kit/generated/server/internal.js[22m
[2m11:27:50 PM[22m [36m[1m[vite][22m[39m [90m[2m(client)[22m[39m [32mpage reload [39m[2m.svelte-kit/generated/client/nodes/6.js[22m
[2m11:27:50 PM[22m [36m[1m[vite][22m[39m [90m[2m(client)[22m[39m [32mpage reload [39m[2m.svelte-kit/generated/client/nodes/7.js[22m
[2m11:27:50 PM[22m [36m[1m[vite][22m[39m [90m[2m(client)[22m[39m [32mpage reload [39m[2m.svelte-kit/generated/client/nodes/8.js[22m
[2m11:27:50 PM[22m [36m[1m[vite][22m[39m [90m[2m(client)[22m[39m [32mpage reload [39m[2m.svelte-kit/generated/client/matchers.js[22m
[2m11:27:50 PM[22m [36m[1m[vite][22m[39m [90m[2m(client)[22m[39m [32mpage reload [39m[2m.svelte-kit/generated/root.js[22m
[2m11:27:50 PM[22m [36m[1m[vite][22m[39m [34m[2m(ssr)[22m[39m [32mpage reload [39m[2m.svelte-kit/generated/root.js[22m
[2m11:27:50 PM[22m [36m[1m[vite][22m[39m [34m[2m(ssr)[22m[39m [32mpage reload [39m[2m.svelte-kit/generated/root.svelte[22m
[2m11:31:30 PM[22m [36m[1m[vite][22m[39m [90m[2m(client)[22m[39m [32mhmr update [39m[2m/src/routes/layout.css[22m
[2m11:31:30 PM[22m [36m[1m[vite][22m[39m [34m[2m(ssr)[22m[39m [32mpage reload [39m[2msrc/routes/layout.css[22m
[2m11:31:32 PM[22m [36m[1m[vite][22m[39m [90m[2m(client)[22m[39m [32mhmr update [39m[2m/src/lib/components/Navbar.svelte, /src/routes/layout.css[22m
[2m11:31:32 PM[22m [36m[1m[vite][22m[39m [34m[2m(ssr)[22m[39m [32mpage reload [39m[2msrc/lib/components/Navbar.svelte[22m
[2m11:38:05 PM[22m [36m[1m[vite][22m[39m [90m[2m(client)[22m[39m [32mhmr update [39m[2m/src/routes/layout.css[22m
[2m11:38:05 PM[22m [36m[1m[vite][22m[39m [34m[2m(ssr)[22m[39m [32mpage reload [39m[2msrc/routes/layout.css[22m
[2m11:39:50 PM[22m [36m[1m[vite][22m[39m [90m[2m(client)[22m[39m [32mhmr update [39m[2m/src/routes/layout.css[22m
[2m11:39:50 PM[22m [36m[1m[vite][22m[39m [34m[2m(ssr)[22m[39m [32mpage reload [39m[2msrc/routes/layout.css[22m
[2m11:39:51 PM[22m [36m[1m[vite][22m[39m [90m[2m(client)[22m[39m [32mhmr update [39m[2m/src/lib/components/Navbar.svelte, /src/routes/layout.css[22m
[2m11:39:51 PM[22m [36m[1m[vite][22m[39m [34m[2m(ssr)[22m[39m [32mpage reload [39m[2msrc/lib/components/Navbar.svelte[22m
[2m11:41:19 PM[22m [36m[1m[vite][22m[39m [90m[2m(client)[22m[39m [32mhmr update [39m[2m/src/lib/components/Navbar.svelte, /src/routes/layout.css[22m
[2m11:41:19 PM[22m [36m[1m[vite][22m[39m [34m[2m(ssr)[22m[39m [32mpage reload [39m[2msrc/lib/components/Navbar.svelte[22m
[2m11:45:13 PM[22m [36m[1m[vite][22m[39m [90m[2m(client)[22m[39m [32mhmr update [39m[2m/src/routes/layout.css[22m
[2m11:45:13 PM[22m [36m[1m[vite][22m[39m [34m[2m(ssr)[22m[39m [32mpage reload [39m[2mexample/SOHub — Creative Digital Experiences.htm[22m
[2m11:45:13 PM[22m [36m[1m[vite][22m[39m [90m[2m(client)[22m[39m [32mhmr update [39m[2m/src/routes/layout.css[22m
[2m11:45:13 PM[22m [36m[1m[vite][22m[39m [34m[2m(ssr)[22m[39m [32mpage reload [39m[2mexample/SOHub — Creative Digital Experiences_files/025bspud-irfv.css[22m
[2m11:45:13 PM[22m [36m[1m[vite][22m[39m [90m[2m(client)[22m[39m [32mhmr update [39m[2m/src/routes/layout.css[22m
[2m11:45:13 PM[22m [36m[1m[vite][22m[39m [34m[2m(ssr)[22m[39m [32mpage reload [39m[2mexample/SOHub — Creative Digital Experiences_files/0..ggj3q2qc3d.js.download[22m
[2m11:45:13 PM[22m [36m[1m[vite][22m[39m [90m[2m(client)[22m[39m [32mhmr update [39m[2m/src/routes/layout.css[22m
[2m11:45:13 PM[22m [36m[1m[vite][22m[39m [34m[2m(ssr)[22m[39m [32mpage reload [39m[2mexample/SOHub — Creative Digital Experiences_files/04puhbikgd_~y.js.download[22m
[2m11:45:13 PM[22m [36m[1m[vite][22m[39m [90m[2m(client)[22m[39m [32mhmr update [39m[2m/src/routes/layout.css[22m
[2m11:45:13 PM[22m [36m[1m[vite][22m[39m [34m[2m(ssr)[22m[39m [32mpage reload [39m[2mexample/SOHub — Creative Digital Experiences_files/08mpjaicqmct6.js.download[22m
[2m11:45:13 PM[22m [36m[1m[vite][22m[39m [90m[2m(client)[22m[39m [32mhmr update [39m[2m/src/routes/layout.css[22m
[2m11:45:13 PM[22m [36m[1m[vite][22m[39m [34m[2m(ssr)[22m[39m [32mpage reload [39m[2mexample/SOHub — Creative Digital Experiences_files/08xriogiwgg0r.js.download[22m
[2m11:45:13 PM[22m [36m[1m[vite][22m[39m [90m[2m(client)[22m[39m [32mhmr update [39m[2m/src/routes/layout.css[22m
[2m11:45:13 PM[22m [36m[1m[vite][22m[39m [34m[2m(ssr)[22m[39m [32mpage reload [39m[2mexample/SOHub — Creative Digital Experiences_files/09vssv1eoimql.js.download[22m
[2m11:45:13 PM[22m [36m[1m[vite][22m[39m [90m[2m(client)[22m[39m [32mhmr update [39m[2m/src/routes/layout.css[22m
[2m11:45:13 PM[22m [36m[1m[vite][22m[39m [34m[2m(ssr)[22m[39m [32mpage reload [39m[2mexample/SOHub — Creative Digital Experiences_files/0b2ax6thm710x.js.download[22m
[2m11:45:13 PM[22m [36m[1m[vite][22m[39m [90m[2m(client)[22m[39m [32mhmr update [39m[2m/src/routes/layout.css[22m
[2m11:45:13 PM[22m [36m[1m[vite][22m[39m [34m[2m(ssr)[22m[39m [32mpage reload [39m[2mexample/SOHub — Creative Digital Experiences_files/03~yq9q893hmn.js.download[22m
[2m11:45:13 PM[22m [36m[1m[vite][22m[39m [90m[2m(client)[22m[39m [32mhmr update [39m[2m/src/routes/layout.css[22m
[2m11:45:13 PM[22m [36m[1m[vite][22m[39m [34m[2m(ssr)[22m[39m [32mpage reload [39m[2mexample/SOHub — Creative Digital Experiences_files/03zgop6uzcze_.js.download[22m
[2m11:45:13 PM[22m [36m[1m[vite][22m[39m [90m[2m(client)[22m[39m [32mhmr update [39m[2m/src/routes/layout.css[22m
[2m11:45:13 PM[22m [36m[1m[vite][22m[39m [34m[2m(ssr)[22m[39m [32mpage reload [39m[2mexample/SOHub — Creative Digital Experiences_files/03mifz-vo9tlp.js.download[22m
[2m11:45:13 PM[22m [36m[1m[vite][22m[39m [90m[2m(client)[22m[39m [32mhmr update [39m[2m/src/routes/layout.css[22m
[2m11:45:13 PM[22m [36m[1m[vite][22m[39m [34m[2m(ssr)[22m[39m [32mpage reload [39m[2mexample/SOHub — Creative Digital Experiences_files/0bvjx7wf_exqu.js.download[22m
[2m11:45:13 PM[22m [36m[1m[vite][22m[39m [90m[2m(client)[22m[39m [32mhmr update [39m[2m/src/routes/layout.css[22m
[2m11:45:13 PM[22m [36m[1m[vite][22m[39m [34m[2m(ssr)[22m[39m [32mpage reload [39m[2mexample/SOHub — Creative Digital Experiences_files/0hsylz9gy-bkn.js.download[22m
[2m11:45:13 PM[22m [36m[1m[vite][22m[39m [90m[2m(client)[22m[39m [32mhmr update [39m[2m/src/routes/layout.css[22m
[2m11:45:13 PM[22m [36m[1m[vite][22m[39m [34m[2m(ssr)[22m[39m [32mpage reload [39m[2mexample/SOHub — Creative Digital Experiences_files/0ik9dj9btz85e.js.download[22m
[2m11:45:13 PM[22m [36m[1m[vite][22m[39m [90m[2m(client)[22m[39m [32mhmr update [39m[2m/src/routes/layout.css[22m
[2m11:45:13 PM[22m [36m[1m[vite][22m[39m [34m[2m(ssr)[22m[39m [32mpage reload [39m[2mexample/SOHub — Creative Digital Experiences_files/0omjz-i-ug~e2.js.download[22m
[2m11:45:13 PM[22m [36m[1m[vite][22m[39m [90m[2m(client)[22m[39m [32mhmr update [39m[2m/src/routes/layout.css[22m
[2m11:45:13 PM[22m [36m[1m[vite][22m[39m [34m[2m(ssr)[22m[39m [32mpage reload [39m[2mexample/SOHub — Creative Digital Experiences_files/0pqqkepm_d3nn.js.download[22m
[2m11:45:13 PM[22m [36m[1m[vite][22m[39m [90m[2m(client)[22m[39m [32mhmr update [39m[2m/src/routes/layout.css[22m
[2m11:45:13 PM[22m [36m[1m[vite][22m[39m [34m[2m(ssr)[22m[39m [32mpage reload [39m[2mexample/SOHub — Creative Digital Experiences_files/0qk_9va17kmxz.js.download[22m
[2m11:45:13 PM[22m [36m[1m[vite][22m[39m [90m[2m(client)[22m[39m [32mhmr update [39m[2m/src/routes/layout.css[22m
[2m11:45:13 PM[22m [36m[1m[vite][22m[39m [34m[2m(ssr)[22m[39m [32mpage reload [39m[2mexample/SOHub — Creative Digital Experiences_files/0qp-jqbd3qd4x.js.download[22m
[2m11:45:13 PM[22m [36m[1m[vite][22m[39m [90m[2m(client)[22m[39m [32mhmr update [39m[2m/src/routes/layout.css[22m
[2m11:45:13 PM[22m [36m[1m[vite][22m[39m [34m[2m(ssr)[22m[39m [32mpage reload [39m[2mexample/SOHub — Creative Digital Experiences_files/0un.9f.i0qgve.js.download[22m
[2m11:45:13 PM[22m [36m[1m[vite][22m[39m [90m[2m(client)[22m[39m [32mhmr update [39m[2m/src/routes/layout.css[22m
[2m11:45:13 PM[22m [36m[1m[vite][22m[39m [34m[2m(ssr)[22m[39m [32mpage reload [39m[2mexample/SOHub — Creative Digital Experiences_files/0vi0w5f-~2r2v.js.download[22m
[2m11:45:13 PM[22m [36m[1m[vite][22m[39m [90m[2m(client)[22m[39m [32mhmr update [39m[2m/src/routes/layout.css[22m
[2m11:45:13 PM[22m [36m[1m[vite][22m[39m [34m[2m(ssr)[22m[39m [32mpage reload [39m[2mexample/SOHub — Creative Digital Experiences_files/0w320qwt0i9m-.css[22m
[2m11:45:13 PM[22m [36m[1m[vite][22m[39m [90m[2m(client)[22m[39m [32mhmr update [39m[2m/src/routes/layout.css[22m
[2m11:45:13 PM[22m [36m[1m[vite][22m[39m [34m[2m(ssr)[22m[39m [32mpage reload [39m[2mexample/SOHub — Creative Digital Experiences_files/0wmxkx3dge4yb.js.download[22m
[2m11:45:13 PM[22m [36m[1m[vite][22m[39m [90m[2m(client)[22m[39m [32mhmr update [39m[2m/src/routes/layout.css[22m
[2m11:45:13 PM[22m [36m[1m[vite][22m[39m [34m[2m(ssr)[22m[39m [32mpage reload [39m[2mexample/SOHub — Creative Digital Experiences_files/0xtmm0v6q3thd.js.download[22m
[2m11:45:13 PM[22m [36m[1m[vite][22m[39m [90m[2m(client)[22m[39m [32mhmr update [39m[2m/src/routes/layout.css[22m
[2m11:45:13 PM[22m [36m[1m[vite][22m[39m [34m[2m(ssr)[22m[39m [32mpage reload [39m[2mexample/SOHub — Creative Digital Experiences_files/0zsjfup_ttxux.js.download[22m
[2m11:45:13 PM[22m [36m[1m[vite][22m[39m [90m[2m(client)[22m[39m [32mhmr update [39m[2m/src/routes/layout.css[22m
[2m11:45:13 PM[22m [36m[1m[vite][22m[39m [34m[2m(ssr)[22m[39m [32mpage reload [39m[2mexample/SOHub — Creative Digital Experiences_files/0_zg3vwid9cqt.js.download[22m
[2m11:45:13 PM[22m [36m[1m[vite][22m[39m [90m[2m(client)[22m[39m [32mhmr update [39m[2m/src/routes/layout.css[22m
[2m11:45:13 PM[22m [36m[1m[vite][22m[39m [34m[2m(ssr)[22m[39m [32mpage reload [39m[2mexample/SOHub — Creative Digital Experiences_files/11e2_f84tjk23.js.download[22m
[2m11:45:13 PM[22m [36m[1m[vite][22m[39m [90m[2m(client)[22m[39m [32mhmr update [39m[2m/src/routes/layout.css[22m
[2m11:45:13 PM[22m [36m[1m[vite][22m[39m [34m[2m(ssr)[22m[39m [32mpage reload [39m[2mexample/SOHub — Creative Digital Experiences_files/13-3cxcm2r.o8.js.download[22m
[2m11:45:13 PM[22m [36m[1m[vite][22m[39m [90m[2m(client)[22m[39m [32mhmr update [39m[2m/src/routes/layout.css[22m
[2m11:45:13 PM[22m [36m[1m[vite][22m[39m [34m[2m(ssr)[22m[39m [32mpage reload [39m[2mexample/SOHub — Creative Digital Experiences_files/1814vs_ldm2cm.js.download[22m
[2m11:45:13 PM[22m [36m[1m[vite][22m[39m [90m[2m(client)[22m[39m [32mhmr update [39m[2m/src/routes/layout.css[22m
[2m11:45:13 PM[22m [36m[1m[vite][22m[39m [34m[2m(ssr)[22m[39m [32mpage reload [39m[2mexample/SOHub — Creative Digital Experiences_files/turbopack-0awlm9mkqbhiy.js.download[22m
[2m11:45:13 PM[22m [36m[1m[vite][22m[39m [90m[2m(client)[22m[39m [32mhmr update [39m[2m/src/routes/layout.css[22m
[2m11:45:13 PM[22m [36m[1m[vite][22m[39m [34m[2m(ssr)[22m[39m [32mpage reload [39m[2mexample/SOHub — Creative Digital Experiences_files/v8c78df7c7c0f484497ecbca7046644da1771523124516[22m
[2m11:45:14 PM[22m [36m[1m[vite][22m[39m [90m[2m(client)[22m[39m [32mhmr update [39m[2m/src/routes/layout.css[22m
[2m11:45:14 PM[22m [36m[1m[vite][22m[39m [34m[2m(ssr)[22m[39m [32mpage reload [39m[2msrc/lib/components/Navbar.svelte[22m
[2m11:45:15 PM[22m [36m[1m[vite][22m[39m [90m[2m(client)[22m[39m [32mhmr update [39m[2m/src/routes/layout.css[22m
[2m11:45:15 PM[22m [36m[1m[vite][22m[39m [34m[2m(ssr)[22m[39m [32mpage reload [39m[2msrc/routes/layout.css[22m
[2m11:45:16 PM[22m [36m[1m[vite][22m[39m [90m[2m(client)[22m[39m [32mhmr update [39m[2m/src/routes/(public)/+page.svelte, /src/routes/layout.css[22m
[2m11:45:16 PM[22m [36m[1m[vite][22m[39m [34m[2m(ssr)[22m[39m [32mpage reload [39m[2msrc/routes/(public)/+page.svelte[22m
[2m11:45:16 PM[22m [36m[1m[vite][22m[39m [90m[2m(client)[22m[39m [32mhmr update [39m[2m/src/routes/+layout.svelte, /src/routes/layout.css[22m
[2m11:45:16 PM[22m [36m[1m[vite][22m[39m [34m[2m(ssr)[22m[39m [32mpage reload [39m[2msrc/routes/+layout.svelte[22m
[2m11:45:34 PM[22m [36m[1m[vite][22m[39m [90m[2m(client)[22m[39m [32mhmr update [39m[2m/src/routes/layout.css[22m
[2m11:45:34 PM[22m [36m[1m[vite][22m[39m [34m[2m(ssr)[22m[39m [32mpage reload [39m[2m.orchids/orchids.json[22m
[2m11:49:22 PM[22m [36m[1m[vite][22m[39m [34m[2m(ssr)[22m[39m [32mpage reload [39m[2msrc/routes/(public)/+page.svelte[22m
11:49:44 PM [vite-plugin-svelte] src/routes/(public)/+page.svelte:146:3 `<a>` cannot have role 'listitem'
https://svelte.dev/e/a11y_no_interactive_element_to_noninteractive_role
[2m11:49:44 PM[22m [36m[1m[vite][22m[39m [90m[2m(client)[22m[39m [32mhmr update [39m[2m/src/routes/(public)/+page.svelte, /src/routes/layout.css[22m
[2m11:49:44 PM[22m [36m[1m[vite][22m[39m [34m[2m(ssr)[22m[39m [32mpage reload [39m[2msrc/routes/(public)/+page.svelte[22m
11:49:44 PM [vite-plugin-svelte] src/routes/(public)/+page.svelte:146:3 `<a>` cannot have role 'listitem'
https://svelte.dev/e/a11y_no_interactive_element_to_noninteractive_role
11:49:45 PM [vite-plugin-svelte] src/routes/(public)/+page.svelte:146:3 `<a>` cannot have role 'listitem'
https://svelte.dev/e/a11y_no_interactive_element_to_noninteractive_role
[2m11:49:54 PM[22m [36m[1m[vite][22m[39m [90m[2m(client)[22m[39m [32mhmr update [39m[2m/src/routes/(public)/+page.svelte, /src/routes/layout.css[22m
[2m11:49:54 PM[22m [36m[1m[vite][22m[39m [34m[2m(ssr)[22m[39m [32mpage reload [39m[2msrc/routes/(public)/+page.svelte[22m
[2m11:51:49 PM[22m [36m[1m[vite][22m[39m [34m[2m(ssr)[22m[39m [32mpage reload [39m[2msrc/routes/(public)/+page.svelte[22m
[2m11:51:49 PM[22m [36m[1m[vite][22m[39m [90m[2m(client)[22m[39m [32mhmr update [39m[2m/src/routes/(public)/+page.svelte, /src/routes/layout.css[22m
[2m11:51:49 PM[22m [36m[1m[vite][22m[39m [34m[2m(ssr)[22m[39m [32mpage reload [39m[2msrc/routes/(public)/+page.svelte[22m
[2m12:01:14 AM[22m [36m[1m[vite][22m[39m [90m[2m(client)[22m[39m [32mhmr update [39m[2m/src/routes/+layout.svelte, /src/routes/layout.css[22m
[2m12:01:14 AM[22m [36m[1m[vite][22m[39m [34m[2m(ssr)[22m[39m [32mpage reload [39m[2msrc/routes/+layout.svelte[22m
[2m12:01:14 AM[22m [36m[1m[vite][22m[39m [90m[2m(client)[22m[39m [32m✨ new dependencies optimized: [33mlenis[32m[39m
[2m12:01:14 AM[22m [36m[1m[vite][22m[39m [90m[2m(client)[22m[39m [32m✨ optimized dependencies changed. reloading[39m
[2m12:50:42 AM[22m [36m[1m[vite][22m[39m [90m[2m(client)[22m[39m [32mhmr update [39m[2m/src/routes/(public)/+page.svelte, /src/routes/layout.css[22m
[2m12:50:42 AM[22m [36m[1m[vite][22m[39m [34m[2m(ssr)[22m[39m [32mpage reload [39m[2msrc/routes/(public)/+page.svelte[22m
[2m1:13:28 AM[22m [36m[1m[vite][22m[39m [34m[2m(ssr)[22m[39m [32mpage reload [39m[2msrc/routes/+layout.svelte[22m
[2m1:15:27 AM[22m [36m[1m[vite][22m[39m [90m[2m(client)[22m[39m [32mhmr update [39m[2m/src/routes/+layout.svelte, /src/routes/layout.css[22m
[2m1:15:27 AM[22m [36m[1m[vite][22m[39m [34m[2m(ssr)[22m[39m [32mpage reload [39m[2msrc/routes/+layout.svelte[22m
[2m1:30:42 AM[22m [36m[1m[vite][22m[39m [90m[2m(client)[22m[39m [32mpage reload [39m[2m.svelte-kit/generated/client/nodes/0.js[22m
[2m1:30:42 AM[22m [36m[1m[vite][22m[39m [90m[2m(client)[22m[39m [32mpage reload [39m[2m.svelte-kit/generated/client/app.js[22m
[2m1:30:42 AM[22m [36m[1m[vite][22m[39m [90m[2m(client)[22m[39m [32mpage reload [39m[2m.svelte-kit/generated/client/nodes/1.js[22m
[2m1:30:42 AM[22m [36m[1m[vite][22m[39m [90m[2m(client)[22m[39m [32mpage reload [39m[2m.svelte-kit/generated/client/nodes/2.js[22m
[2m1:30:42 AM[22m [36m[1m[vite][22m[39m [90m[2m(client)[22m[39m [32mpage reload [39m[2m.svelte-kit/generated/client/nodes/3.js[22m
[2m1:30:42 AM[22m [36m[1m[vite][22m[39m [90m[2m(client)[22m[39m [32mpage reload [39m[2m.svelte-kit/generated/client/nodes/4.js[22m
[2m1:30:42 AM[22m [36m[1m[vite][22m[39m [90m[2m(client)[22m[39m [32mpage reload [39m[2m.svelte-kit/generated/client/nodes/5.js[22m
[2m1:30:42 AM[22m [36m[1m[vite][22m[39m [90m[2m(client)[22m[39m [32mpage reload [39m[2m.svelte-kit/generated/client/nodes/6.js[22m
[2m1:30:42 AM[22m [36m[1m[vite][22m[39m [90m[2m(client)[22m[39m [32mpage reload [39m[2m.svelte-kit/generated/client/nodes/7.js[22m
[2m1:30:42 AM[22m [36m[1m[vite][22m[39m [90m[2m(client)[22m[39m [32mpage reload [39m[2m.svelte-kit/generated/client/nodes/8.js[22m
[2m1:30:42 AM[22m [36m[1m[vite][22m[39m [34m[2m(ssr)[22m[39m [32mpage reload [39m[2m.svelte-kit/generated/server/internal.js[22m
[2m1:30:42 AM[22m [36m[1m[vite][22m[39m [90m[2m(client)[22m[39m [32mpage reload [39m[2m.svelte-kit/generated/client/matchers.js[22m
[2m1:30:42 AM[22m [36m[1m[vite][22m[39m [90m[2m(client)[22m[39m [32mpage reload [39m[2m.svelte-kit/generated/root.js[22m
[2m1:30:42 AM[22m [36m[1m[vite][22m[39m [34m[2m(ssr)[22m[39m [32mpage reload [39m[2m.svelte-kit/generated/root.js[22m
[2m1:30:42 AM[22m [36m[1m[vite][22m[39m [34m[2m(ssr)[22m[39m [32mpage reload [39m[2m.svelte-kit/generated/root.svelte[22m
[2m1:40:15 AM[22m [36m[1m[vite][22m[39m [90m[2m(client)[22m[39m [32mhmr update [39m[2m/src/routes/+layout.svelte, /src/routes/+layout.svelte?svelte&type=style&lang.css, /src/routes/layout.css[22m
[2m1:40:15 AM[22m [36m[1m[vite][22m[39m [34m[2m(ssr)[22m[39m [32mpage reload [39m[2msrc/routes/+layout.svelte[22m
[2m1:44:13 AM[22m [36m[1m[vite][22m[39m [90m[2m(client)[22m[39m [32mhmr update [39m[2m/src/routes/+layout.svelte, /src/lib/components/Menu.svelte, /src/routes/layout.css[22m
[2m1:44:28 AM[22m [36m[1m[vite][22m[39m [90m[2m(client)[22m[39m [32mhmr update [39m[2m/src/lib/components/Menu.svelte, /src/lib/components/Menu.svelte?svelte&type=style&lang.css, /src/routes/layout.css[22m
[2m1:44:30 AM[22m [36m[1m[vite][22m[39m [90m[2m(client)[22m[39m [32mhmr update [39m[2m/src/lib/components/Menu.svelte, /src/routes/layout.css[22m
[2m1:44:41 AM[22m [36m[1m[vite][22m[39m [90m[2m(client)[22m[39m [32mhmr update [39m[2m/src/routes/+layout.svelte, /src/routes/+layout.svelte?svelte&type=style&lang.css, /src/routes/layout.css[22m
[2m1:44:41 AM[22m [36m[1m[vite][22m[39m [34m[2m(ssr)[22m[39m [32mpage reload [39m[2msrc/routes/+layout.svelte[22m
[2m1:46:15 AM[22m [36m[1m[vite][22m[39m [90m[2m(client)[22m[39m [32mhmr update [39m[2m/src/lib/components/Menu.svelte, /src/lib/components/Menu.svelte?svelte&type=style&lang.css, /src/routes/layout.css[22m
[2m1:46:29 AM[22m [36m[1m[vite][22m[39m [90m[2m(client)[22m[39m [32mhmr update [39m[2m/src/routes/+layout.svelte?svelte&type=style&lang.css, /src/routes/layout.css[22m
[2m1:46:29 AM[22m [36m[1m[vite][22m[39m [34m[2m(ssr)[22m[39m [32mpage reload [39m[2msrc/routes/+layout.svelte[22m
[2m1:49:37 AM[22m [36m[1m[vite][22m[39m [90m[2m(client)[22m[39m [32mhmr update [39m[2m/src/routes/(public)/+page.svelte, /src/routes/(public)/+page.svelte?svelte&type=style&lang.css, /src/routes/layout.css[22m
[2m1:49:37 AM[22m [36m[1m[vite][22m[39m [34m[2m(ssr)[22m[39m [32mpage reload [39m[2msrc/routes/(public)/+page.svelte[22m
1:50:03 AM [vite-plugin-svelte] src/lib/components/Menu.svelte:2:2 Unused CSS selector ".menu-backdrop"
https://svelte.dev/e/css_unused_selector
1:50:03 AM [vite-plugin-svelte] src/lib/components/Menu.svelte:14:2 Unused CSS selector ".menu-links"
https://svelte.dev/e/css_unused_selector
1:50:03 AM [vite-plugin-svelte] src/lib/components/Menu.svelte:21:2 Unused CSS selector ".menu-links.is-open"
https://svelte.dev/e/css_unused_selector
1:50:03 AM [vite-plugin-svelte] src/lib/components/Menu.svelte:25:2 Unused CSS selector ".menu-links a"
https://svelte.dev/e/css_unused_selector
1:50:03 AM [vite-plugin-svelte] src/lib/components/Menu.svelte:40:2 Unused CSS selector ".menu-links a:hover"
https://svelte.dev/e/css_unused_selector
1:50:03 AM [vite-plugin-svelte] src/lib/components/Menu.svelte:44:2 Unused CSS selector ".menu-links.is-open a"
https://svelte.dev/e/css_unused_selector
1:50:03 AM [vite-plugin-svelte] src/lib/components/Menu.svelte:48:2 Unused CSS selector ".menu-links.is-open a:nth-child(1)"
https://svelte.dev/e/css_unused_selector
1:50:03 AM [vite-plugin-svelte] src/lib/components/Menu.svelte:51:2 Unused CSS selector ".menu-links.is-open a:nth-child(2)"
https://svelte.dev/e/css_unused_selector
1:50:03 AM [vite-plugin-svelte] src/lib/components/Menu.svelte:54:2 Unused CSS selector ".menu-links.is-open a:nth-child(3)"
https://svelte.dev/e/css_unused_selector
1:50:03 AM [vite-plugin-svelte] src/lib/components/Menu.svelte:57:2 Unused CSS selector ".menu-links.is-open a:nth-child(4)"
https://svelte.dev/e/css_unused_selector
1:50:03 AM [vite-plugin-svelte] src/lib/components/Menu.svelte:60:2 Unused CSS selector ".menu-links.is-open a:nth-child(5)"
https://svelte.dev/e/css_unused_selector
1:50:03 AM [vite-plugin-svelte] src/lib/components/Menu.svelte:63:2 Unused CSS selector ".menu-links.is-open a:nth-child(6)"
https://svelte.dev/e/css_unused_selector
1:50:03 AM [vite-plugin-svelte] src/lib/components/Menu.svelte:66:2 Unused CSS selector ".menu-links.is-open a:nth-child(7)"
https://svelte.dev/e/css_unused_selector
1:50:03 AM [vite-plugin-svelte] src/lib/components/Menu.svelte:75:2 Unused CSS selector ".close-btn"
https://svelte.dev/e/css_unused_selector
1:50:03 AM [vite-plugin-svelte] src/lib/components/Menu.svelte:95:2 Unused CSS selector ".close-btn.is-open"
https://svelte.dev/e/css_unused_selector
1:50:03 AM [vite-plugin-svelte] src/lib/components/Menu.svelte:100:2 Unused CSS selector ".site-header"
https://svelte.dev/e/css_unused_selector
1:50:03 AM [vite-plugin-svelte] src/lib/components/Menu.svelte:111:2 Unused CSS selector ".site-header.menu-is-open"
https://svelte.dev/e/css_unused_selector
1:50:03 AM [vite-plugin-svelte] src/lib/components/Menu.svelte:116:2 Unused CSS selector ".menu-btn"
https://svelte.dev/e/css_unused_selector
1:50:03 AM [vite-plugin-svelte] src/lib/components/Menu.svelte:126:2 Unused CSS selector ".menu-btn span"
https://svelte.dev/e/css_unused_selector
[2m1:50:03 AM[22m [36m[1m[vite][22m[39m [90m[2m(client)[22m[39m [32mhmr update [39m[2m/src/lib/components/Menu.svelte, /src/lib/components/Menu.svelte?svelte&type=style&lang.css, /src/routes/layout.css[22m
[2m1:50:03 AM[22m [36m[1m[vite][22m[39m [34m[2m(ssr)[22m[39m [32mpage reload [39m[2msrc/lib/components/Menu.svelte[22m
1:50:03 AM [vite-plugin-svelte] src/lib/components/Menu.svelte:2:2 Unused CSS selector ".menu-backdrop"
https://svelte.dev/e/css_unused_selector
1:50:03 AM [vite-plugin-svelte] src/lib/components/Menu.svelte:14:2 Unused CSS selector ".menu-links"
https://svelte.dev/e/css_unused_selector
1:50:03 AM [vite-plugin-svelte] src/lib/components/Menu.svelte:21:2 Unused CSS selector ".menu-links.is-open"
https://svelte.dev/e/css_unused_selector
1:50:03 AM [vite-plugin-svelte] src/lib/components/Menu.svelte:25:2 Unused CSS selector ".menu-links a"
https://svelte.dev/e/css_unused_selector
1:50:03 AM [vite-plugin-svelte] src/lib/components/Menu.svelte:40:2 Unused CSS selector ".menu-links a:hover"
https://svelte.dev/e/css_unused_selector
1:50:03 AM [vite-plugin-svelte] src/lib/components/Menu.svelte:44:2 Unused CSS selector ".menu-links.is-open a"
https://svelte.dev/e/css_unused_selector
1:50:03 AM [vite-plugin-svelte] src/lib/components/Menu.svelte:48:2 Unused CSS selector ".menu-links.is-open a:nth-child(1)"
https://svelte.dev/e/css_unused_selector
1:50:03 AM [vite-plugin-svelte] src/lib/components/Menu.svelte:51:2 Unused CSS selector ".menu-links.is-open a:nth-child(2)"
https://svelte.dev/e/css_unused_selector
1:50:03 AM [vite-plugin-svelte] src/lib/components/Menu.svelte:54:2 Unused CSS selector ".menu-links.is-open a:nth-child(3)"
https://svelte.dev/e/css_unused_selector
1:50:03 AM [vite-plugin-svelte] src/lib/components/Menu.svelte:57:2 Unused CSS selector ".menu-links.is-open a:nth-child(4)"
https://svelte.dev/e/css_unused_selector
1:50:03 AM [vite-plugin-svelte] src/lib/components/Menu.svelte:60:2 Unused CSS selector ".menu-links.is-open a:nth-child(5)"
https://svelte.dev/e/css_unused_selector
1:50:03 AM [vite-plugin-svelte] src/lib/components/Menu.svelte:63:2 Unused CSS selector ".menu-links.is-open a:nth-child(6)"
https://svelte.dev/e/css_unused_selector
1:50:03 AM [vite-plugin-svelte] src/lib/components/Menu.svelte:66:2 Unused CSS selector ".menu-links.is-open a:nth-child(7)"
https://svelte.dev/e/css_unused_selector
1:50:03 AM [vite-plugin-svelte] src/lib/components/Menu.svelte:75:2 Unused CSS selector ".close-btn"
https://svelte.dev/e/css_unused_selector
1:50:03 AM [vite-plugin-svelte] src/lib/components/Menu.svelte:95:2 Unused CSS selector ".close-btn.is-open"
https://svelte.dev/e/css_unused_selector
1:50:03 AM [vite-plugin-svelte] src/lib/components/Menu.svelte:100:2 Unused CSS selector ".site-header"
https://svelte.dev/e/css_unused_selector
1:50:03 AM [vite-plugin-svelte] src/lib/components/Menu.svelte:111:2 Unused CSS selector ".site-header.menu-is-open"
https://svelte.dev/e/css_unused_selector
1:50:03 AM [vite-plugin-svelte] src/lib/components/Menu.svelte:116:2 Unused CSS selector ".menu-btn"
https://svelte.dev/e/css_unused_selector
1:50:03 AM [vite-plugin-svelte] src/lib/components/Menu.svelte:126:2 Unused CSS selector ".menu-btn span"
https://svelte.dev/e/css_unused_selector
1:50:32 AM [vite-plugin-svelte] src/lib/components/Menu.svelte:2:2 Unused CSS selector ".menu-backdrop"
https://svelte.dev/e/css_unused_selector
1:50:32 AM [vite-plugin-svelte] src/lib/components/Menu.svelte:14:2 Unused CSS selector ".menu-links"
https://svelte.dev/e/css_unused_selector
1:50:32 AM [vite-plugin-svelte] src/lib/components/Menu.svelte:21:2 Unused CSS selector ".menu-links.is-open"
https://svelte.dev/e/css_unused_selector
1:50:32 AM [vite-plugin-svelte] src/lib/components/Menu.svelte:25:2 Unused CSS selector ".menu-links a"
https://svelte.dev/e/css_unused_selector
1:50:32 AM [vite-plugin-svelte] src/lib/components/Menu.svelte:40:2 Unused CSS selector ".menu-links a:hover"
https://svelte.dev/e/css_unused_selector
1:50:32 AM [vite-plugin-svelte] src/lib/components/Menu.svelte:44:2 Unused CSS selector ".menu-links.is-open a"
https://svelte.dev/e/css_unused_selector
1:50:32 AM [vite-plugin-svelte] src/lib/components/Menu.svelte:48:2 Unused CSS selector ".menu-links.is-open a:nth-child(1)"
https://svelte.dev/e/css_unused_selector
1:50:32 AM [vite-plugin-svelte] src/lib/components/Menu.svelte:51:2 Unused CSS selector ".menu-links.is-open a:nth-child(2)"
https://svelte.dev/e/css_unused_selector
1:50:32 AM [vite-plugin-svelte] src/lib/components/Menu.svelte:54:2 Unused CSS selector ".menu-links.is-open a:nth-child(3)"
https://svelte.dev/e/css_unused_selector
1:50:32 AM [vite-plugin-svelte] src/lib/components/Menu.svelte:57:2 Unused CSS selector ".menu-links.is-open a:nth-child(4)"
https://svelte.dev/e/css_unused_selector
1:50:32 AM [vite-plugin-svelte] src/lib/components/Menu.svelte:60:2 Unused CSS selector ".menu-links.is-open a:nth-child(5)"
https://svelte.dev/e/css_unused_selector
1:50:32 AM [vite-plugin-svelte] src/lib/components/Menu.svelte:63:2 Unused CSS selector ".menu-links.is-open a:nth-child(6)"
https://svelte.dev/e/css_unused_selector
1:50:32 AM [vite-plugin-svelte] src/lib/components/Menu.svelte:66:2 Unused CSS selector ".menu-links.is-open a:nth-child(7)"
https://svelte.dev/e/css_unused_selector
1:50:32 AM [vite-plugin-svelte] src/lib/components/Menu.svelte:75:2 Unused CSS selector ".close-btn"
https://svelte.dev/e/css_unused_selector
1:50:32 AM [vite-plugin-svelte] src/lib/components/Menu.svelte:95:2 Unused CSS selector ".close-btn.is-open"
https://svelte.dev/e/css_unused_selector
1:50:32 AM [vite-plugin-svelte] src/lib/components/Menu.svelte:100:2 Unused CSS selector ".site-header"
https://svelte.dev/e/css_unused_selector
1:50:32 AM [vite-plugin-svelte] src/lib/components/Menu.svelte:111:2 Unused CSS selector ".site-header.menu-is-open"
https://svelte.dev/e/css_unused_selector
1:50:32 AM [vite-plugin-svelte] src/lib/components/Menu.svelte:116:2 Unused CSS selector ".menu-btn"
https://svelte.dev/e/css_unused_selector
1:50:32 AM [vite-plugin-svelte] src/lib/components/Menu.svelte:126:2 Unused CSS selector ".menu-btn span"
https://svelte.dev/e/css_unused_selector
[2m1:50:32 AM[22m [36m[1m[vite][22m[39m [90m[2m(client)[22m[39m [32mhmr update [39m[2m/src/routes/layout.css[22m
[2m1:50:32 AM[22m [36m[1m[vite][22m[39m [34m[2m(ssr)[22m[39m [32mpage reload [39m[2msrc/lib/components/Menu.svelte[22m
[2m1:50:36 AM[22m [36m[1m[vite][22m[39m [90m[2m(client)[22m[39m [32mhmr update [39m[2m/src/lib/components/Menu.svelte, /src/lib/components/Menu.svelte?svelte&type=style&lang.css, /src/routes/layout.css[22m
[2m1:50:36 AM[22m [36m[1m[vite][22m[39m [34m[2m(ssr)[22m[39m [32mpage reload [39m[2msrc/lib/components/Menu.svelte[22m
[2m1:50:58 AM[22m [36m[1m[vite][22m[39m [90m[2m(client)[22m[39m [32mhmr update [39m[2m/src/lib/components/Menu.svelte?svelte&type=style&lang.css, /src/routes/layout.css[22m
[2m1:50:58 AM[22m [36m[1m[vite][22m[39m [34m[2m(ssr)[22m[39m [32mpage reload [39m[2msrc/lib/components/Menu.svelte[22m
[2m1:51:14 AM[22m [36m[1m[vite][22m[39m [90m[2m(client)[22m[39m [32mhmr update [39m[2m/src/routes/+layout.svelte?svelte&type=style&lang.css, /src/routes/layout.css[22m
[2m1:51:14 AM[22m [36m[1m[vite][22m[39m [34m[2m(ssr)[22m[39m [32mpage reload [39m[2msrc/routes/+layout.svelte[22m
[2m1:55:05 AM[22m [36m[1m[vite][22m[39m [90m[2m(client)[22m[39m [32mhmr update [39m[2m/src/routes/+layout.svelte, /src/lib/components/Menu.svelte, /src/routes/layout.css[22m
[2m1:55:05 AM[22m [36m[1m[vite][22m[39m [34m[2m(ssr)[22m[39m [32mpage reload [39m[2msrc/lib/stores/menu.ts[22m
[2m1:55:16 AM[22m [36m[1m[vite][22m[39m [90m[2m(client)[22m[39m [32mhmr update [39m[2m/src/routes/+layout.svelte, /src/routes/+layout.svelte?svelte&type=style&lang.css, /src/routes/layout.css[22m
[2m1:55:16 AM[22m [36m[1m[vite][22m[39m [34m[2m(ssr)[22m[39m [32mpage reload [39m[2msrc/routes/+layout.svelte[22m
[2m1:55:26 AM[22m [36m[1m[vite][22m[39m [90m[2m(client)[22m[39m [32mhmr update [39m[2m/src/lib/components/Menu.svelte, /src/lib/components/Menu.svelte?svelte&type=style&lang.css, /src/routes/layout.css[22m
[2m1:55:26 AM[22m [36m[1m[vite][22m[39m [34m[2m(ssr)[22m[39m [32mpage reload [39m[2msrc/lib/components/Menu.svelte[22m
[2m2:02:30 AM[22m [36m[1m[vite][22m[39m [90m[2m(client)[22m[39m [32mhmr update [39m[2m/src/lib/components/Menu.svelte, /src/lib/components/Menu.svelte?svelte&type=style&lang.css, /src/routes/layout.css[22m
[2m2:02:30 AM[22m [36m[1m[vite][22m[39m [34m[2m(ssr)[22m[39m [32mpage reload [39m[2msrc/lib/components/Menu.svelte[22m
[2m2:02:43 AM[22m [36m[1m[vite][22m[39m [90m[2m(client)[22m[39m [32mhmr update [39m[2m/src/routes/+layout.svelte?svelte&type=style&lang.css, /src/routes/layout.css[22m
[2m2:02:43 AM[22m [36m[1m[vite][22m[39m [34m[2m(ssr)[22m[39m [32mpage reload [39m[2msrc/routes/+layout.svelte[22m

Google Chrome is requesting /.well-known/appspecific/com.chrome.devtools.json to automatically configure devtools project settings. To learn why, and how to prevent this message, see https://svelte.dev/docs/cli/devtools-json

[2m2:11:04 AM[22m [36m[1m[vite][22m[39m [90m[2m(client)[22m[39m [32mhmr update [39m[2m/src/lib/components/Menu.svelte?svelte&type=style&lang.css, /src/routes/layout.css[22m
[2m2:11:04 AM[22m [36m[1m[vite][22m[39m [34m[2m(ssr)[22m[39m [32mpage reload [39m[2msrc/lib/components/Menu.svelte[22m
[2m2:11:04 AM[22m [36m[1m[vite][22m[39m [90m[2m(client)[22m[39m [32mhmr update [39m[2m/src/lib/components/Menu.svelte?svelte&type=style&lang.css, /src/routes/layout.css[22m
[2m2:11:04 AM[22m [36m[1m[vite][22m[39m [34m[2m(ssr)[22m[39m [32mpage reload [39m[2msrc/lib/components/Menu.svelte[22m
[2m2:30:58 AM[22m [36m[1m[vite][22m[39m [90m[2m(client)[22m[39m [32mhmr update [39m[2m/src/routes/+layout.svelte?svelte&type=style&lang.css, /src/routes/layout.css[22m
[2m2:30:58 AM[22m [36m[1m[vite][22m[39m [34m[2m(ssr)[22m[39m [32mpage reload [39m[2msrc/routes/+layout.svelte[22m
[2m2:30:59 AM[22m [36m[1m[vite][22m[39m [90m[2m(client)[22m[39m [32mhmr update [39m[2m/src/routes/+layout.svelte?svelte&type=style&lang.css, /src/routes/layout.css[22m
[2m2:30:59 AM[22m [36m[1m[vite][22m[39m [34m[2m(ssr)[22m[39m [32mpage reload [39m[2msrc/routes/+layout.svelte[22m
[2m2:31:00 AM[22m [36m[1m[vite][22m[39m [90m[2m(client)[22m[39m [32mhmr update [39m[2m/src/routes/+layout.svelte?svelte&type=style&lang.css, /src/routes/layout.css[22m
[2m2:31:00 AM[22m [36m[1m[vite][22m[39m [34m[2m(ssr)[22m[39m [32mpage reload [39m[2msrc/routes/+layout.svelte[22m
[2m2:31:17 AM[22m [36m[1m[vite][22m[39m [90m[2m(client)[22m[39m [32mhmr update [39m[2m/src/lib/components/Menu.svelte?svelte&type=style&lang.css, /src/routes/layout.css[22m
[2m2:31:17 AM[22m [36m[1m[vite][22m[39m [34m[2m(ssr)[22m[39m [32mpage reload [39m[2msrc/lib/components/Menu.svelte[22m
[2m2:33:13 AM[22m [36m[1m[vite][22m[39m [90m[2m(client)[22m[39m [32mhmr update [39m[2m/src/routes/+layout.svelte?svelte&type=style&lang.css, /src/routes/layout.css[22m
[2m2:33:13 AM[22m [36m[1m[vite][22m[39m [34m[2m(ssr)[22m[39m [32mpage reload [39m[2msrc/routes/+layout.svelte[22m
[2m2:33:15 AM[22m [36m[1m[vite][22m[39m [90m[2m(client)[22m[39m [32mhmr update [39m[2m/src/routes/+layout.svelte?svelte&type=style&lang.css, /src/routes/layout.css[22m
[2m2:33:15 AM[22m [36m[1m[vite][22m[39m [34m[2m(ssr)[22m[39m [32mpage reload [39m[2msrc/routes/+layout.svelte[22m
[2m2:33:30 AM[22m [36m[1m[vite][22m[39m [90m[2m(client)[22m[39m [32mhmr update [39m[2m/src/lib/components/Menu.svelte?svelte&type=style&lang.css, /src/routes/layout.css[22m
[2m2:33:30 AM[22m [36m[1m[vite][22m[39m [34m[2m(ssr)[22m[39m [32mpage reload [39m[2msrc/lib/components/Menu.svelte[22m
[2m2:35:54 AM[22m [36m[1m[vite][22m[39m [90m[2m(client)[22m[39m [32mhmr update [39m[2m/src/lib/components/Menu.svelte, /src/lib/components/Menu.svelte?svelte&type=style&lang.css, /src/routes/layout.css[22m
[2m2:35:54 AM[22m [36m[1m[vite][22m[39m [34m[2m(ssr)[22m[39m [32mpage reload [39m[2msrc/lib/components/Menu.svelte[22m
[2m2:38:50 AM[22m [36m[1m[vite][22m[39m [90m[2m(client)[22m[39m [32mhmr update [39m[2m/src/routes/+layout.svelte, /src/routes/layout.css[22m
[2m2:38:50 AM[22m [36m[1m[vite][22m[39m [34m[2m(ssr)[22m[39m [32mpage reload [39m[2msrc/routes/+layout.svelte[22m
[2m2:39:05 AM[22m [36m[1m[vite][22m[39m [90m[2m(client)[22m[39m [32mhmr update [39m[2m/src/lib/components/Menu.svelte, /src/lib/components/Menu.svelte?svelte&type=style&lang.css, /src/routes/layout.css[22m
[2m2:39:05 AM[22m [36m[1m[vite][22m[39m [34m[2m(ssr)[22m[39m [32mpage reload [39m[2msrc/lib/components/Menu.svelte[22m
[2m2:39:32 AM[22m [36m[1m[vite][22m[39m [90m[2m(client)[22m[39m [32mhmr update [39m[2m/src/routes/+layout.svelte, /src/routes/layout.css[22m
[2m2:39:32 AM[22m [36m[1m[vite][22m[39m [34m[2m(ssr)[22m[39m [32mpage reload [39m[2msrc/routes/+layout.svelte[22m
[2m2:39:32 AM[22m [36m[1m[vite][22m[39m [90m[2m(client)[22m[39m [32mhmr update [39m[2m/src/routes/layout.css[22m
[2m2:39:32 AM[22m [36m[1m[vite][22m[39m [34m[2m(ssr)[22m[39m [32mpage reload [39m[2msrc/lib/components/Header.svelte[22m
[2m2:39:32 AM[22m [36m[1m[vite][22m[39m [90m[2m(client)[22m[39m [32mhmr update [39m[2m/src/lib/components/Menu.svelte, /src/lib/components/Menu.svelte?svelte&type=style&lang.css, /src/routes/layout.css[22m
[2m2:39:32 AM[22m [36m[1m[vite][22m[39m [34m[2m(ssr)[22m[39m [32mpage reload [39m[2msrc/lib/components/Menu.svelte[22m
[2m2:40:40 AM[22m [36m[1m[vite][22m[39m [34m[2m(ssr)[22m[39m [32mpage reload [39m[2msrc/routes/+layout.svelte[22m
[2m2:41:07 AM[22m [36m[1m[vite][22m[39m [90m[2m(client)[22m[39m [32mhmr update [39m[2m/src/routes/+layout.svelte, /src/routes/+layout.svelte?svelte&type=style&lang.css, /src/routes/layout.css[22m
[2m2:41:07 AM[22m [36m[1m[vite][22m[39m [34m[2m(ssr)[22m[39m [32mpage reload [39m[2msrc/routes/+layout.svelte[22m
[2m2:41:39 AM[22m [36m[1m[vite][22m[39m [90m[2m(client)[22m[39m [32mhmr update [39m[2m/src/lib/components/Menu.svelte, /src/lib/components/Menu.svelte?svelte&type=style&lang.css, /src/routes/layout.css[22m
[2m2:41:39 AM[22m [36m[1m[vite][22m[39m [34m[2m(ssr)[22m[39m [32mpage reload [39m[2msrc/lib/components/Menu.svelte[22m
[2m2:43:43 AM[22m [36m[1m[vite][22m[39m [90m[2m(client)[22m[39m [32mhmr update [39m[2m/src/routes/+layout.svelte, /src/routes/layout.css[22m
[2m2:43:43 AM[22m [36m[1m[vite][22m[39m [34m[2m(ssr)[22m[39m [32mpage reload [39m[2msrc/routes/+layout.svelte[22m
[2m2:44:02 AM[22m [36m[1m[vite][22m[39m [90m[2m(client)[22m[39m [32mhmr update [39m[2m/src/routes/+layout.svelte?svelte&type=style&lang.css, /src/routes/layout.css[22m
[2m2:44:02 AM[22m [36m[1m[vite][22m[39m [34m[2m(ssr)[22m[39m [32mpage reload [39m[2msrc/routes/+layout.svelte[22m
[2m2:44:32 AM[22m [36m[1m[vite][22m[39m [90m[2m(client)[22m[39m [32mhmr update [39m[2m/src/routes/+layout.svelte, /src/routes/+layout.svelte?svelte&type=style&lang.css, /src/routes/layout.css[22m
[2m2:44:32 AM[22m [36m[1m[vite][22m[39m [34m[2m(ssr)[22m[39m [32mpage reload [39m[2msrc/routes/+layout.svelte[22m
[2m2:46:02 AM[22m [36m[1m[vite][22m[39m [90m[2m(client)[22m[39m [32mhmr update [39m[2m/src/routes/+layout.svelte, /src/routes/layout.css[22m
[2m2:46:02 AM[22m [36m[1m[vite][22m[39m [34m[2m(ssr)[22m[39m [32mpage reload [39m[2msrc/routes/+layout.svelte[22m
[2m2:46:17 AM[22m [36m[1m[vite][22m[39m [90m[2m(client)[22m[39m [32mhmr update [39m[2m/src/routes/+layout.svelte, /src/routes/+layout.svelte?svelte&type=style&lang.css, /src/routes/layout.css[22m
[2m2:46:17 AM[22m [36m[1m[vite][22m[39m [34m[2m(ssr)[22m[39m [32mpage reload [39m[2msrc/routes/+layout.svelte[22m
[2m2:56:33 AM[22m [36m[1m[vite][22m[39m [90m[2m(client)[22m[39m [32mhmr update [39m[2m/src/routes/(public)/+page.svelte?svelte&type=style&lang.css, /src/routes/layout.css[22m
[2m2:56:33 AM[22m [36m[1m[vite][22m[39m [34m[2m(ssr)[22m[39m [32mpage reload [39m[2msrc/routes/(public)/+page.svelte[22m
[2m2:56:35 AM[22m [36m[1m[vite][22m[39m [90m[2m(client)[22m[39m [32mhmr update [39m[2m/src/lib/components/Menu.svelte?svelte&type=style&lang.css, /src/routes/layout.css[22m
[2m2:56:35 AM[22m [36m[1m[vite][22m[39m [34m[2m(ssr)[22m[39m [32mpage reload [39m[2msrc/lib/components/Menu.svelte[22m
[2m2:56:52 AM[22m [36m[1m[vite][22m[39m [90m[2m(client)[22m[39m [32mhmr update [39m[2m/src/routes/+layout.svelte?svelte&type=style&lang.css, /src/routes/layout.css[22m
[2m2:56:52 AM[22m [36m[1m[vite][22m[39m [34m[2m(ssr)[22m[39m [32mpage reload [39m[2msrc/routes/+layout.svelte[22m
[2m2:57:39 AM[22m [36m[1m[vite][22m[39m [90m[2m(client)[22m[39m [32mhmr update [39m[2m/src/routes/(public)/+page.svelte?svelte&type=style&lang.css, /src/routes/layout.css[22m
[2m2:57:39 AM[22m [36m[1m[vite][22m[39m [34m[2m(ssr)[22m[39m [32mpage reload [39m[2msrc/routes/(public)/+page.svelte[22m
[2m2:57:55 AM[22m [36m[1m[vite][22m[39m [90m[2m(client)[22m[39m [32mhmr update [39m[2m/src/routes/layout.css[22m
[2m2:57:55 AM[22m [36m[1m[vite][22m[39m [34m[2m(ssr)[22m[39m [32mpage reload [39m[2msrc/routes/(public)/+page.svelte[22m
[2m2:57:57 AM[22m [36m[1m[vite][22m[39m [90m[2m(client)[22m[39m [32mhmr update [39m[2m/src/routes/(public)/+page.svelte?svelte&type=style&lang.css, /src/routes/layout.css[22m
[2m2:57:57 AM[22m [36m[1m[vite][22m[39m [34m[2m(ssr)[22m[39m [32mpage reload [39m[2msrc/routes/(public)/+page.svelte[22m
[2m2:58:22 AM[22m [36m[1m[vite][22m[39m [90m[2m(client)[22m[39m [32mhmr update [39m[2m/src/routes/(public)/+page.svelte?svelte&type=style&lang.css, /src/routes/layout.css[22m
[2m2:58:22 AM[22m [36m[1m[vite][22m[39m [34m[2m(ssr)[22m[39m [32mpage reload [39m[2msrc/routes/(public)/+page.svelte[22m
[2m2:59:30 AM[22m [36m[1m[vite][22m[39m [90m[2m(client)[22m[39m [32mhmr update [39m[2m/src/routes/(public)/+page.svelte?svelte&type=style&lang.css, /src/routes/layout.css[22m
[2m2:59:30 AM[22m [36m[1m[vite][22m[39m [34m[2m(ssr)[22m[39m [32mpage reload [39m[2msrc/routes/(public)/+page.svelte[22m
[2m2:59:53 AM[22m [36m[1m[vite][22m[39m [90m[2m(client)[22m[39m [32mhmr update [39m[2m/src/routes/(public)/+page.svelte?svelte&type=style&lang.css, /src/routes/layout.css[22m
[2m2:59:53 AM[22m [36m[1m[vite][22m[39m [34m[2m(ssr)[22m[39m [32mpage reload [39m[2msrc/routes/(public)/+page.svelte[22m
[2m3:01:37 AM[22m [36m[1m[vite][22m[39m [90m[2m(client)[22m[39m [32mhmr update [39m[2m/src/routes/(public)/+page.svelte?svelte&type=style&lang.css, /src/routes/layout.css[22m
[2m3:01:37 AM[22m [36m[1m[vite][22m[39m [34m[2m(ssr)[22m[39m [32mpage reload [39m[2msrc/routes/(public)/+page.svelte[22m
[2m3:01:37 AM[22m [36m[1m[vite][22m[39m [90m[2m(client)[22m[39m [32mhmr update [39m[2m/src/routes/+layout.svelte, /src/routes/+layout.svelte?svelte&type=style&lang.css, /src/routes/layout.css[22m
[2m3:01:37 AM[22m [36m[1m[vite][22m[39m [34m[2m(ssr)[22m[39m [32mpage reload [39m[2msrc/routes/+layout.svelte[22m
[2m3:01:37 AM[22m [36m[1m[vite][22m[39m [90m[2m(client)[22m[39m [32mhmr update [39m[2m/src/lib/components/Menu.svelte?svelte&type=style&lang.css, /src/routes/layout.css[22m
[2m3:01:37 AM[22m [36m[1m[vite][22m[39m [34m[2m(ssr)[22m[39m [32mpage reload [39m[2msrc/lib/components/Menu.svelte[22m
[2m3:02:36 AM[22m [36m[1m[vite][22m[39m [90m[2m(client)[22m[39m [32mhmr update [39m[2m/src/routes/(public)/+page.svelte?svelte&type=style&lang.css, /src/routes/layout.css[22m
[2m3:02:36 AM[22m [36m[1m[vite][22m[39m [34m[2m(ssr)[22m[39m [32mpage reload [39m[2msrc/routes/(public)/+page.svelte[22m
[2m3:02:36 AM[22m [36m[1m[vite][22m[39m [90m[2m(client)[22m[39m [32mhmr update [39m[2m/src/lib/components/Menu.svelte?svelte&type=style&lang.css, /src/routes/layout.css[22m
[2m3:02:36 AM[22m [36m[1m[vite][22m[39m [34m[2m(ssr)[22m[39m [32mpage reload [39m[2msrc/lib/components/Menu.svelte[22m
[2m3:02:36 AM[22m [36m[1m[vite][22m[39m [90m[2m(client)[22m[39m [32mhmr update [39m[2m/src/routes/+layout.svelte?svelte&type=style&lang.css, /src/routes/layout.css[22m
[2m3:02:36 AM[22m [36m[1m[vite][22m[39m [34m[2m(ssr)[22m[39m [32mpage reload [39m[2msrc/routes/+layout.svelte[22m
[2m3:05:56 AM[22m [36m[1m[vite][22m[39m [90m[2m(client)[22m[39m [32mhmr update [39m[2m/src/lib/components/Menu.svelte, /src/lib/components/Menu.svelte?svelte&type=style&lang.css, /src/routes/layout.css[22m
[2m3:05:56 AM[22m [36m[1m[vite][22m[39m [34m[2m(ssr)[22m[39m [32mpage reload [39m[2msrc/lib/components/Menu.svelte[22m
[2m3:06:33 AM[22m [36m[1m[vite][22m[39m [90m[2m(client)[22m[39m [32mhmr update [39m[2m/src/lib/components/Menu.svelte, /src/lib/components/Menu.svelte?svelte&type=style&lang.css, /src/routes/layout.css[22m
[2m3:06:33 AM[22m [36m[1m[vite][22m[39m [34m[2m(ssr)[22m[39m [32mpage reload [39m[2msrc/lib/components/Menu.svelte[22m
[2m3:08:03 AM[22m [36m[1m[vite][22m[39m [90m[2m(client)[22m[39m [32mhmr update [39m[2m/src/lib/components/Menu.svelte, /src/lib/components/Menu.svelte?svelte&type=style&lang.css, /src/routes/layout.css[22m
[2m3:08:03 AM[22m [36m[1m[vite][22m[39m [34m[2m(ssr)[22m[39m [32mpage reload [39m[2msrc/lib/components/Menu.svelte[22m
[2m3:19:33 AM[22m [36m[1m[vite][22m[39m [90m[2m(client)[22m[39m [32mhmr update [39m[2m/src/routes/(public)/+page.svelte, /src/routes/(public)/+page.svelte?svelte&type=style&lang.css, /src/routes/layout.css[22m
[2m3:19:33 AM[22m [36m[1m[vite][22m[39m [34m[2m(ssr)[22m[39m [32mpage reload [39m[2msrc/routes/(public)/+page.svelte[22m
[2m3:21:39 AM[22m [36m[1m[vite][22m[39m [90m[2m(client)[22m[39m [32mhmr update [39m[2m/src/routes/layout.css[22m
[2m3:21:39 AM[22m [36m[1m[vite][22m[39m [34m[2m(ssr)[22m[39m [32mpage reload [39m[2msrc/routes/layout.css[22m
[2m3:21:41 AM[22m [36m[1m[vite][22m[39m [90m[2m(client)[22m[39m [32mhmr update [39m[2m/src/routes/(public)/+page.svelte?svelte&type=style&lang.css, /src/routes/layout.css[22m
[2m3:21:41 AM[22m [36m[1m[vite][22m[39m [34m[2m(ssr)[22m[39m [32mpage reload [39m[2msrc/routes/(public)/+page.svelte[22m
[2m3:21:54 AM[22m [36m[1m[vite][22m[39m [90m[2m(client)[22m[39m [32mhmr update [39m[2m/src/lib/components/Menu.svelte?svelte&type=style&lang.css, /src/routes/layout.css[22m
[2m3:21:54 AM[22m [36m[1m[vite][22m[39m [34m[2m(ssr)[22m[39m [32mpage reload [39m[2msrc/lib/components/Menu.svelte[22m
[2m3:23:18 AM[22m [36m[1m[vite][22m[39m [90m[2m(client)[22m[39m [32mhmr update [39m[2m/src/routes/layout.css[22m
[2m3:23:18 AM[22m [36m[1m[vite][22m[39m [34m[2m(ssr)[22m[39m [32mpage reload [39m[2msrc/routes/layout.css[22m
[2m3:23:20 AM[22m [36m[1m[vite][22m[39m [90m[2m(client)[22m[39m [32mhmr update [39m[2m/src/routes/(public)/+page.svelte?svelte&type=style&lang.css, /src/routes/layout.css[22m
[2m3:23:20 AM[22m [36m[1m[vite][22m[39m [34m[2m(ssr)[22m[39m [32mpage reload [39m[2msrc/routes/(public)/+page.svelte[22m
